2025-06-13 19:01:34,026 - INFO - 开始处理 17 个URL...
2025-06-13 19:01:34,026 - INFO - 等待 4.06 秒后请求 https://www.myquant.cn/docs/python_strategyies/153
2025-06-13 19:01:38,411 - INFO - 成功获取 https://www.myquant.cn/docs/python_strategyies/153，状态码: 200
2025-06-13 19:01:38,509 - INFO - 从 https://www.myquant.cn/docs/python_strategyies/153 提取 0 个策略
2025-06-13 19:01:38,509 - INFO - 等待 6.67 秒后请求 https://www.myquant.cn/docs/python_strategyies/424
2025-06-13 19:01:45,311 - INFO - 成功获取 https://www.myquant.cn/docs/python_strategyies/424，状态码: 200
2025-06-13 19:01:45,409 - INFO - 从 https://www.myquant.cn/docs/python_strategyies/424 提取 0 个策略
2025-06-13 19:01:45,409 - INFO - 等待 7.71 秒后请求 https://www.myquant.cn/docs/python_strategyies/425
2025-06-13 19:01:53,260 - INFO - 成功获取 https://www.myquant.cn/docs/python_strategyies/425，状态码: 200
2025-06-13 19:01:53,427 - INFO - 从 https://www.myquant.cn/docs/python_strategyies/425 提取 0 个策略
2025-06-13 19:01:53,427 - INFO - 等待 5.56 秒后请求 https://www.myquant.cn/docs/python_strategyies/426
2025-06-13 19:01:59,136 - INFO - 成功获取 https://www.myquant.cn/docs/python_strategyies/426，状态码: 200
2025-06-13 19:01:59,230 - INFO - 从 https://www.myquant.cn/docs/python_strategyies/426 提取 0 个策略
2025-06-13 19:01:59,230 - INFO - 等待 4.58 秒后请求 https://www.myquant.cn/docs/python_strategyies/427
2025-06-13 19:02:03,940 - INFO - 成功获取 https://www.myquant.cn/docs/python_strategyies/427，状态码: 200
2025-06-13 19:02:04,022 - INFO - 从 https://www.myquant.cn/docs/python_strategyies/427 提取 0 个策略
2025-06-13 19:02:04,022 - INFO - 等待 4.93 秒后请求 https://www.myquant.cn/docs/python_strategyies/428
2025-06-13 19:02:09,077 - INFO - 成功获取 https://www.myquant.cn/docs/python_strategyies/428，状态码: 200
2025-06-13 19:02:09,146 - INFO - 从 https://www.myquant.cn/docs/python_strategyies/428 提取 0 个策略
2025-06-13 19:02:09,146 - INFO - 等待 6.95 秒后请求 https://www.myquant.cn/docs/python_strategyies/101
2025-06-13 19:02:16,227 - INFO - 成功获取 https://www.myquant.cn/docs/python_strategyies/101，状态码: 200
2025-06-13 19:02:16,313 - INFO - 从 https://www.myquant.cn/docs/python_strategyies/101 提取 0 个策略
2025-06-13 19:02:16,313 - INFO - 等待 3.56 秒后请求 https://www.myquant.cn/docs/python_strategyies/103
2025-06-13 19:02:20,009 - INFO - 成功获取 https://www.myquant.cn/docs/python_strategyies/103，状态码: 200
2025-06-13 19:02:20,196 - INFO - 从 https://www.myquant.cn/docs/python_strategyies/103 提取 0 个策略
2025-06-13 19:02:20,196 - INFO - 等待 6.88 秒后请求 https://www.myquant.cn/docs/python_strategyies/104
2025-06-13 19:02:27,223 - INFO - 成功获取 https://www.myquant.cn/docs/python_strategyies/104，状态码: 200
2025-06-13 19:02:27,329 - INFO - 从 https://www.myquant.cn/docs/python_strategyies/104 提取 0 个策略
2025-06-13 19:02:27,329 - INFO - 等待 5.22 秒后请求 https://www.myquant.cn/docs/python_strategyies/105
2025-06-13 19:07:15,962 - INFO - 开始处理 17 个URL...
2025-06-13 19:07:15,963 - INFO - 等待 3.75 秒后请求 https://www.myquant.cn/docs/python_strategyies/153
2025-06-13 19:07:20,034 - INFO - 成功获取 https://www.myquant.cn/docs/python_strategyies/153，状态码: 200
2025-06-13 19:07:20,129 - INFO - 使用选择器 'article' 定位内容区域
2025-06-13 19:07:20,182 - INFO - 从 https://www.myquant.cn/docs/python_strategyies/153 提取 1 个策略
2025-06-13 19:07:20,182 - INFO - 等待 7.77 秒后请求 https://www.myquant.cn/docs/python_strategyies/424
2025-06-13 19:07:28,081 - INFO - 成功获取 https://www.myquant.cn/docs/python_strategyies/424，状态码: 200
2025-06-13 19:07:28,175 - INFO - 使用选择器 'article' 定位内容区域
2025-06-13 19:07:28,225 - INFO - 从 https://www.myquant.cn/docs/python_strategyies/424 提取 1 个策略
2025-06-13 19:07:28,225 - INFO - 等待 5.15 秒后请求 https://www.myquant.cn/docs/python_strategyies/425
2025-06-13 19:07:33,509 - INFO - 成功获取 https://www.myquant.cn/docs/python_strategyies/425，状态码: 200
2025-06-13 19:07:33,625 - INFO - 使用选择器 'article' 定位内容区域
2025-06-13 19:07:33,688 - INFO - 从 https://www.myquant.cn/docs/python_strategyies/425 提取 1 个策略
2025-06-13 19:07:33,689 - INFO - 等待 5.26 秒后请求 https://www.myquant.cn/docs/python_strategyies/426
2025-06-13 19:07:39,089 - INFO - 成功获取 https://www.myquant.cn/docs/python_strategyies/426，状态码: 200
2025-06-13 19:07:39,162 - INFO - 使用选择器 'article' 定位内容区域
2025-06-13 19:07:39,209 - INFO - 从 https://www.myquant.cn/docs/python_strategyies/426 提取 1 个策略
2025-06-13 19:07:39,209 - INFO - 等待 6.17 秒后请求 https://www.myquant.cn/docs/python_strategyies/427
2025-06-13 19:07:45,506 - INFO - 成功获取 https://www.myquant.cn/docs/python_strategyies/427，状态码: 200
2025-06-13 19:07:45,547 - INFO - 使用选择器 'article' 定位内容区域
2025-06-13 19:07:45,585 - INFO - 从 https://www.myquant.cn/docs/python_strategyies/427 提取 1 个策略
2025-06-13 19:07:45,585 - INFO - 等待 7.53 秒后请求 https://www.myquant.cn/docs/python_strategyies/428
2025-06-13 19:07:53,241 - INFO - 成功获取 https://www.myquant.cn/docs/python_strategyies/428，状态码: 200
2025-06-13 19:07:53,315 - INFO - 使用选择器 'article' 定位内容区域
2025-06-13 19:07:53,352 - INFO - 从 https://www.myquant.cn/docs/python_strategyies/428 提取 1 个策略
2025-06-13 19:07:53,352 - INFO - 等待 7.57 秒后请求 https://www.myquant.cn/docs/python_strategyies/101
2025-06-13 19:08:01,043 - INFO - 成功获取 https://www.myquant.cn/docs/python_strategyies/101，状态码: 200
2025-06-13 19:08:01,086 - INFO - 使用选择器 'article' 定位内容区域
2025-06-13 19:08:01,126 - INFO - 从 https://www.myquant.cn/docs/python_strategyies/101 提取 1 个策略
2025-06-13 19:08:01,126 - INFO - 等待 4.68 秒后请求 https://www.myquant.cn/docs/python_strategyies/103
2025-06-13 19:08:05,940 - INFO - 成功获取 https://www.myquant.cn/docs/python_strategyies/103，状态码: 200
2025-06-13 19:08:06,054 - INFO - 使用选择器 'article' 定位内容区域
2025-06-13 19:08:06,170 - INFO - 从 https://www.myquant.cn/docs/python_strategyies/103 提取 1 个策略
2025-06-13 19:08:06,171 - INFO - 等待 4.46 秒后请求 https://www.myquant.cn/docs/python_strategyies/104
2025-06-13 19:08:10,982 - INFO - 成功获取 https://www.myquant.cn/docs/python_strategyies/104，状态码: 200
2025-06-13 19:08:11,039 - INFO - 使用选择器 'article' 定位内容区域
2025-06-13 19:08:11,088 - INFO - 从 https://www.myquant.cn/docs/python_strategyies/104 提取 1 个策略
2025-06-13 19:08:11,088 - INFO - 等待 4.14 秒后请求 https://www.myquant.cn/docs/python_strategyies/105
2025-06-13 19:08:15,356 - INFO - 成功获取 https://www.myquant.cn/docs/python_strategyies/105，状态码: 200
2025-06-13 19:08:15,422 - INFO - 使用选择器 'article' 定位内容区域
2025-06-13 19:08:15,455 - INFO - 从 https://www.myquant.cn/docs/python_strategyies/105 提取 1 个策略
2025-06-13 19:08:15,455 - INFO - 等待 4.16 秒后请求 https://www.myquant.cn/docs/python_strategyies/106
2025-06-13 19:08:19,749 - INFO - 成功获取 https://www.myquant.cn/docs/python_strategyies/106，状态码: 200
2025-06-13 19:08:19,842 - INFO - 使用选择器 'article' 定位内容区域
2025-06-13 19:08:19,894 - INFO - 从 https://www.myquant.cn/docs/python_strategyies/106 提取 1 个策略
2025-06-13 19:08:19,895 - INFO - 等待 6.02 秒后请求 https://www.myquant.cn/docs/python_strategyies/107
2025-06-13 19:08:26,038 - INFO - 成功获取 https://www.myquant.cn/docs/python_strategyies/107，状态码: 200
2025-06-13 19:08:26,116 - INFO - 使用选择器 'article' 定位内容区域
2025-06-13 19:08:26,156 - INFO - 从 https://www.myquant.cn/docs/python_strategyies/107 提取 1 个策略
2025-06-13 19:08:26,156 - INFO - 等待 3.94 秒后请求 https://www.myquant.cn/docs/python_strategyies/108
2025-06-13 19:08:30,230 - INFO - 成功获取 https://www.myquant.cn/docs/python_strategyies/108，状态码: 200
2025-06-13 19:08:30,324 - INFO - 使用选择器 'article' 定位内容区域
2025-06-13 19:08:30,374 - INFO - 从 https://www.myquant.cn/docs/python_strategyies/108 提取 1 个策略
2025-06-13 19:08:30,374 - INFO - 等待 5.44 秒后请求 https://www.myquant.cn/docs/python_strategyies/109
2025-06-13 19:08:35,944 - INFO - 成功获取 https://www.myquant.cn/docs/python_strategyies/109，状态码: 200
2025-06-13 19:08:36,049 - INFO - 使用选择器 'article' 定位内容区域
2025-06-13 19:08:36,076 - INFO - 从 https://www.myquant.cn/docs/python_strategyies/109 提取 1 个策略
2025-06-13 19:08:36,076 - INFO - 等待 7.17 秒后请求 https://www.myquant.cn/docs/python_strategyies/110
2025-06-13 19:08:43,387 - INFO - 成功获取 https://www.myquant.cn/docs/python_strategyies/110，状态码: 200
2025-06-13 19:08:43,497 - INFO - 使用选择器 'article' 定位内容区域
2025-06-13 19:08:43,573 - INFO - 从 https://www.myquant.cn/docs/python_strategyies/110 提取 1 个策略
2025-06-13 19:08:43,574 - INFO - 等待 4.64 秒后请求 https://www.myquant.cn/docs/python_strategyies/111
2025-06-13 19:08:48,345 - INFO - 成功获取 https://www.myquant.cn/docs/python_strategyies/111，状态码: 200
2025-06-13 19:08:48,425 - INFO - 使用选择器 'article' 定位内容区域
2025-06-13 19:08:48,467 - INFO - 从 https://www.myquant.cn/docs/python_strategyies/111 提取 1 个策略
2025-06-13 19:08:48,467 - INFO - 等待 3.62 秒后请求 https://www.myquant.cn/docs/python_strategyies/112
2025-06-13 19:08:52,415 - INFO - 成功获取 https://www.myquant.cn/docs/python_strategyies/112，状态码: 200
2025-06-13 19:08:52,523 - INFO - 使用选择器 'article' 定位内容区域
2025-06-13 19:08:52,591 - INFO - 从 https://www.myquant.cn/docs/python_strategyies/112 提取 1 个策略
2025-06-13 19:08:52,594 - INFO - JSONL数据集已保存至: /root/autodl-tmp/FinancialStrategy2Code/datasets/myquant_dataset/myquant_strategies.jsonl，共 17 个策略
2025-06-13 19:08:52,595 - INFO - JSON数据集已保存至: /root/autodl-tmp/FinancialStrategy2Code/datasets/myquant_dataset/myquant_strategies.json
2025-06-13 19:08:52,596 - INFO - CSV数据集已保存至: /root/autodl-tmp/FinancialStrategy2Code/datasets/myquant_dataset/myquant_strategies.csv
2025-06-13 19:08:52,596 - INFO - 所有URL处理完成
